This is pdfTeX, Version 3.14159265-2.6-1.40.19 (MiKTeX 2.9.6930 64-bit) (preloaded format=pdflatex 2019.2.4)  14 MAR 2019 10:24
entering extended mode
**./dissertation.tex
(dissertation.tex
LaTeX2e <2018-12-01>
("C:\Program Files\MiKTeX 2.9\tex/latex/base\report.cls"
Document Class: report 2018/09/03 v1.4i Standard LaTeX document class
("C:\Program Files\MiKTeX 2.9\tex/latex/base\size12.clo"
File: size12.clo 2018/09/03 v1.4i Standard LaTeX file (size option)
)
\c@part=\count80
\c@chapter=\count81
\c@section=\count82
\c@subsection=\count83
\c@subsubsection=\count84
\c@paragraph=\count85
\c@subparagraph=\count86
\c@figure=\count87
\c@table=\count88
\abovecaptionskip=\skip41
\belowcaptionskip=\skip42
\bibindent=\dimen102
)
("C:\Program Files\MiKTeX 2.9\tex/latex/geometry\geometry.sty"
Package: geometry 2018/04/16 v5.8 Page Geometry

("C:\Program Files\MiKTeX 2.9\tex/latex/graphics\keyval.sty"
Package: keyval 2014/10/28 v1.15 key=value parser (DPC)
\KV@toks@=\toks14
)
("C:\Program Files\MiKTeX 2.9\tex/generic/oberdiek\ifpdf.sty"
Package: ifpdf 2018/09/07 v3.3 Provides the ifpdf switch
)
("C:\Program Files\MiKTeX 2.9\tex/generic/oberdiek\ifvtex.sty"
Package: ifvtex 2016/05/16 v1.6 Detect VTeX and its facilities (HO)
Package ifvtex Info: VTeX not detected.
)
("C:\Program Files\MiKTeX 2.9\tex/generic/ifxetex\ifxetex.sty"
Package: ifxetex 2010/09/12 v0.6 Provides ifxetex conditional
)
\Gm@cnth=\count89
\Gm@cntv=\count90
\c@Gm@tempcnt=\count91
\Gm@bindingoffset=\dimen103
\Gm@wd@mp=\dimen104
\Gm@odd@mp=\dimen105
\Gm@even@mp=\dimen106
\Gm@layoutwidth=\dimen107
\Gm@layoutheight=\dimen108
\Gm@layouthoffset=\dimen109
\Gm@layoutvoffset=\dimen110
\Gm@dimlist=\toks15

("C:\Program Files\MiKTeX 2.9\tex/latex/geometry\geometry.cfg"))
(C:\Users\Lyron\AppData\Roaming\MiKTeX\2.9\tex/latex/pgf/frontendlayer\tikz.sty
(C:\Users\Lyron\AppData\Roaming\MiKTeX\2.9\tex/latex/pgf/basiclayer\pgf.sty
(C:\Users\Lyron\AppData\Roaming\MiKTeX\2.9\tex/latex/pgf/utilities\pgfrcs.sty
(C:\Users\Lyron\AppData\Roaming\MiKTeX\2.9\tex/generic/pgf/utilities\pgfutil-co
mmon.tex
\pgfutil@everybye=\toks16
\pgfutil@tempdima=\dimen111
\pgfutil@tempdimb=\dimen112

(C:\Users\Lyron\AppData\Roaming\MiKTeX\2.9\tex/generic/pgf/utilities\pgfutil-co
mmon-lists.tex))
(C:\Users\Lyron\AppData\Roaming\MiKTeX\2.9\tex/generic/pgf/utilities\pgfutil-la
tex.def
\pgfutil@abb=\box27
 (C:\Users\Lyron\AppData\Roaming\MiKTeX\2.9\tex/latex/ms\everyshi.sty
Package: everyshi 2001/05/15 v3.00 EveryShipout Package (MS)
))
(C:\Users\Lyron\AppData\Roaming\MiKTeX\2.9\tex/generic/pgf/utilities\pgfrcs.cod
e.tex
(C:\Users\Lyron\AppData\Roaming\MiKTeX\2.9\tex/generic/pgf\pgf.revision.tex)
Package: pgfrcs 2019/02/02 v3.1.1 (3.1.1)
))
Package: pgf 2019/02/02 v3.1.1 (3.1.1)

(C:\Users\Lyron\AppData\Roaming\MiKTeX\2.9\tex/latex/pgf/basiclayer\pgfcore.sty
("C:\Program Files\MiKTeX 2.9\tex/latex/graphics\graphicx.sty"
Package: graphicx 2017/06/01 v1.1a Enhanced LaTeX Graphics (DPC,SPQR)

("C:\Program Files\MiKTeX 2.9\tex/latex/graphics\graphics.sty"
Package: graphics 2017/06/25 v1.2c Standard LaTeX Graphics (DPC,SPQR)

("C:\Program Files\MiKTeX 2.9\tex/latex/graphics\trig.sty"
Package: trig 2016/01/03 v1.10 sin cos tan (DPC)
)
("C:\Program Files\MiKTeX 2.9\tex/latex/graphics-cfg\graphics.cfg"
File: graphics.cfg 2016/06/04 v1.11 sample graphics configuration
)
Package graphics Info: Driver file: pdftex.def on input line 99.

("C:\Program Files\MiKTeX 2.9\tex/latex/graphics-def\pdftex.def"
File: pdftex.def 2018/01/08 v1.0l Graphics/color driver for pdftex
))
\Gin@req@height=\dimen113
\Gin@req@width=\dimen114
)
(C:\Users\Lyron\AppData\Roaming\MiKTeX\2.9\tex/latex/pgf/systemlayer\pgfsys.sty

(C:\Users\Lyron\AppData\Roaming\MiKTeX\2.9\tex/generic/pgf/systemlayer\pgfsys.c
ode.tex
Package: pgfsys 2019/02/02 v3.1.1 (3.1.1)

(C:\Users\Lyron\AppData\Roaming\MiKTeX\2.9\tex/generic/pgf/utilities\pgfkeys.co
de.tex
\pgfkeys@pathtoks=\toks17
\pgfkeys@temptoks=\toks18

(C:\Users\Lyron\AppData\Roaming\MiKTeX\2.9\tex/generic/pgf/utilities\pgfkeysfil
tered.code.tex
\pgfkeys@tmptoks=\toks19
))
\pgf@x=\dimen115
\pgf@y=\dimen116
\pgf@xa=\dimen117
\pgf@ya=\dimen118
\pgf@xb=\dimen119
\pgf@yb=\dimen120
\pgf@xc=\dimen121
\pgf@yc=\dimen122
\w@pgf@writea=\write3
\r@pgf@reada=\read1
\c@pgf@counta=\count92
\c@pgf@countb=\count93
\c@pgf@countc=\count94
\c@pgf@countd=\count95
\t@pgf@toka=\toks20
\t@pgf@tokb=\toks21
\t@pgf@tokc=\toks22
\pgf@sys@id@count=\count96

(C:\Users\Lyron\AppData\Roaming\MiKTeX\2.9\tex/generic/pgf/systemlayer\pgf.cfg
File: pgf.cfg 2019/02/02 v3.1.1 (3.1.1)
)
Driver file for pgf: pgfsys-pdftex.def

(C:\Users\Lyron\AppData\Roaming\MiKTeX\2.9\tex/generic/pgf/systemlayer\pgfsys-p
dftex.def
File: pgfsys-pdftex.def 2019/02/02 v3.1.1 (3.1.1)

(C:\Users\Lyron\AppData\Roaming\MiKTeX\2.9\tex/generic/pgf/systemlayer\pgfsys-c
ommon-pdf.def
File: pgfsys-common-pdf.def 2019/02/02 v3.1.1 (3.1.1)
)))
(C:\Users\Lyron\AppData\Roaming\MiKTeX\2.9\tex/generic/pgf/systemlayer\pgfsysso
ftpath.code.tex
File: pgfsyssoftpath.code.tex 2019/02/02 v3.1.1 (3.1.1)
\pgfsyssoftpath@smallbuffer@items=\count97
\pgfsyssoftpath@bigbuffer@items=\count98
)
(C:\Users\Lyron\AppData\Roaming\MiKTeX\2.9\tex/generic/pgf/systemlayer\pgfsyspr
otocol.code.tex
File: pgfsysprotocol.code.tex 2019/02/02 v3.1.1 (3.1.1)
))
(C:\Users\Lyron\AppData\Roaming\MiKTeX\2.9\tex/latex/xcolor\xcolor.sty
Package: xcolor 2016/05/11 v2.12 LaTeX color extensions (UK)

("C:\Program Files\MiKTeX 2.9\tex/latex/graphics-cfg\color.cfg"
File: color.cfg 2016/01/02 v1.6 sample color configuration
)
Package xcolor Info: Driver file: pdftex.def on input line 225.
Package xcolor Info: Model `cmy' substituted by `cmy0' on input line 1348.
Package xcolor Info: Model `hsb' substituted by `rgb' on input line 1352.
Package xcolor Info: Model `RGB' extended on input line 1364.
Package xcolor Info: Model `HTML' substituted by `rgb' on input line 1366.
Package xcolor Info: Model `Hsb' substituted by `hsb' on input line 1367.
Package xcolor Info: Model `tHsb' substituted by `hsb' on input line 1368.
Package xcolor Info: Model `HSB' substituted by `hsb' on input line 1369.
Package xcolor Info: Model `Gray' substituted by `gray' on input line 1370.
Package xcolor Info: Model `wave' substituted by `hsb' on input line 1371.
)
(C:\Users\Lyron\AppData\Roaming\MiKTeX\2.9\tex/generic/pgf/basiclayer\pgfcore.c
ode.tex
Package: pgfcore 2019/02/02 v3.1.1 (3.1.1)

(C:\Users\Lyron\AppData\Roaming\MiKTeX\2.9\tex/generic/pgf/math\pgfmath.code.te
x
(C:\Users\Lyron\AppData\Roaming\MiKTeX\2.9\tex/generic/pgf/math\pgfmathcalc.cod
e.tex
(C:\Users\Lyron\AppData\Roaming\MiKTeX\2.9\tex/generic/pgf/math\pgfmathutil.cod
e.tex)
(C:\Users\Lyron\AppData\Roaming\MiKTeX\2.9\tex/generic/pgf/math\pgfmathparser.c
ode.tex
\pgfmath@dimen=\dimen123
\pgfmath@count=\count99
\pgfmath@box=\box28
\pgfmath@toks=\toks23
\pgfmath@stack@operand=\toks24
\pgfmath@stack@operation=\toks25
)
(C:\Users\Lyron\AppData\Roaming\MiKTeX\2.9\tex/generic/pgf/math\pgfmathfunction
s.code.tex
(C:\Users\Lyron\AppData\Roaming\MiKTeX\2.9\tex/generic/pgf/math\pgfmathfunction
s.basic.code.tex)
(C:\Users\Lyron\AppData\Roaming\MiKTeX\2.9\tex/generic/pgf/math\pgfmathfunction
s.trigonometric.code.tex)
(C:\Users\Lyron\AppData\Roaming\MiKTeX\2.9\tex/generic/pgf/math\pgfmathfunction
s.random.code.tex)
(C:\Users\Lyron\AppData\Roaming\MiKTeX\2.9\tex/generic/pgf/math\pgfmathfunction
s.comparison.code.tex)
(C:\Users\Lyron\AppData\Roaming\MiKTeX\2.9\tex/generic/pgf/math\pgfmathfunction
s.base.code.tex)
(C:\Users\Lyron\AppData\Roaming\MiKTeX\2.9\tex/generic/pgf/math\pgfmathfunction
s.round.code.tex)
(C:\Users\Lyron\AppData\Roaming\MiKTeX\2.9\tex/generic/pgf/math\pgfmathfunction
s.misc.code.tex)
(C:\Users\Lyron\AppData\Roaming\MiKTeX\2.9\tex/generic/pgf/math\pgfmathfunction
s.integerarithmetics.code.tex)))
(C:\Users\Lyron\AppData\Roaming\MiKTeX\2.9\tex/generic/pgf/math\pgfmathfloat.co
de.tex
\c@pgfmathroundto@lastzeros=\count100
))
(C:\Users\Lyron\AppData\Roaming\MiKTeX\2.9\tex/generic/pgf/basiclayer\pgfcorepo
ints.code.tex
File: pgfcorepoints.code.tex 2019/02/02 v3.1.1 (3.1.1)
\pgf@picminx=\dimen124
\pgf@picmaxx=\dimen125
\pgf@picminy=\dimen126
\pgf@picmaxy=\dimen127
\pgf@pathminx=\dimen128
\pgf@pathmaxx=\dimen129
\pgf@pathminy=\dimen130
\pgf@pathmaxy=\dimen131
\pgf@xx=\dimen132
\pgf@xy=\dimen133
\pgf@yx=\dimen134
\pgf@yy=\dimen135
\pgf@zx=\dimen136
\pgf@zy=\dimen137
)
(C:\Users\Lyron\AppData\Roaming\MiKTeX\2.9\tex/generic/pgf/basiclayer\pgfcorepa
thconstruct.code.tex
File: pgfcorepathconstruct.code.tex 2019/02/02 v3.1.1 (3.1.1)
\pgf@path@lastx=\dimen138
\pgf@path@lasty=\dimen139
)
(C:\Users\Lyron\AppData\Roaming\MiKTeX\2.9\tex/generic/pgf/basiclayer\pgfcorepa
thusage.code.tex
File: pgfcorepathusage.code.tex 2019/02/02 v3.1.1 (3.1.1)
\pgf@shorten@end@additional=\dimen140
\pgf@shorten@start@additional=\dimen141
)
(C:\Users\Lyron\AppData\Roaming\MiKTeX\2.9\tex/generic/pgf/basiclayer\pgfcoresc
opes.code.tex
File: pgfcorescopes.code.tex 2019/02/02 v3.1.1 (3.1.1)
\pgfpic=\box29
\pgf@hbox=\box30
\pgf@layerbox@main=\box31
\pgf@picture@serial@count=\count101
)
(C:\Users\Lyron\AppData\Roaming\MiKTeX\2.9\tex/generic/pgf/basiclayer\pgfcoregr
aphicstate.code.tex
File: pgfcoregraphicstate.code.tex 2019/02/02 v3.1.1 (3.1.1)
\pgflinewidth=\dimen142
)
(C:\Users\Lyron\AppData\Roaming\MiKTeX\2.9\tex/generic/pgf/basiclayer\pgfcoretr
ansformations.code.tex
File: pgfcoretransformations.code.tex 2019/02/02 v3.1.1 (3.1.1)
\pgf@pt@x=\dimen143
\pgf@pt@y=\dimen144
\pgf@pt@temp=\dimen145
)
(C:\Users\Lyron\AppData\Roaming\MiKTeX\2.9\tex/generic/pgf/basiclayer\pgfcorequ
ick.code.tex
File: pgfcorequick.code.tex 2019/02/02 v3.1.1 (3.1.1)
)
(C:\Users\Lyron\AppData\Roaming\MiKTeX\2.9\tex/generic/pgf/basiclayer\pgfcoreob
jects.code.tex
File: pgfcoreobjects.code.tex 2019/02/02 v3.1.1 (3.1.1)
)
(C:\Users\Lyron\AppData\Roaming\MiKTeX\2.9\tex/generic/pgf/basiclayer\pgfcorepa
thprocessing.code.tex
File: pgfcorepathprocessing.code.tex 2019/02/02 v3.1.1 (3.1.1)
)
(C:\Users\Lyron\AppData\Roaming\MiKTeX\2.9\tex/generic/pgf/basiclayer\pgfcorear
rows.code.tex
File: pgfcorearrows.code.tex 2019/02/02 v3.1.1 (3.1.1)
\pgfarrowsep=\dimen146
)
(C:\Users\Lyron\AppData\Roaming\MiKTeX\2.9\tex/generic/pgf/basiclayer\pgfcoresh
ade.code.tex
File: pgfcoreshade.code.tex 2019/02/02 v3.1.1 (3.1.1)
\pgf@max=\dimen147
\pgf@sys@shading@range@num=\count102
)
(C:\Users\Lyron\AppData\Roaming\MiKTeX\2.9\tex/generic/pgf/basiclayer\pgfcoreim
age.code.tex
File: pgfcoreimage.code.tex 2019/02/02 v3.1.1 (3.1.1)

(C:\Users\Lyron\AppData\Roaming\MiKTeX\2.9\tex/generic/pgf/basiclayer\pgfcoreex
ternal.code.tex
File: pgfcoreexternal.code.tex 2019/02/02 v3.1.1 (3.1.1)
\pgfexternal@startupbox=\box32
))
(C:\Users\Lyron\AppData\Roaming\MiKTeX\2.9\tex/generic/pgf/basiclayer\pgfcorela
yers.code.tex
File: pgfcorelayers.code.tex 2019/02/02 v3.1.1 (3.1.1)
)
(C:\Users\Lyron\AppData\Roaming\MiKTeX\2.9\tex/generic/pgf/basiclayer\pgfcoretr
ansparency.code.tex
File: pgfcoretransparency.code.tex 2019/02/02 v3.1.1 (3.1.1)
)
(C:\Users\Lyron\AppData\Roaming\MiKTeX\2.9\tex/generic/pgf/basiclayer\pgfcorepa
tterns.code.tex
File: pgfcorepatterns.code.tex 2019/02/02 v3.1.1 (3.1.1)
)
(C:\Users\Lyron\AppData\Roaming\MiKTeX\2.9\tex/generic/pgf/basiclayer\pgfcorerd
f.code.tex
File: pgfcorerdf.code.tex 2019/02/02 v3.1.1 (3.1.1)
)))
(C:\Users\Lyron\AppData\Roaming\MiKTeX\2.9\tex/generic/pgf/modules\pgfmodulesha
pes.code.tex
File: pgfmoduleshapes.code.tex 2019/02/02 v3.1.1 (3.1.1)
\pgfnodeparttextbox=\box33
)
(C:\Users\Lyron\AppData\Roaming\MiKTeX\2.9\tex/generic/pgf/modules\pgfmoduleplo
t.code.tex
File: pgfmoduleplot.code.tex 2019/02/02 v3.1.1 (3.1.1)
)
(C:\Users\Lyron\AppData\Roaming\MiKTeX\2.9\tex/latex/pgf/compatibility\pgfcomp-
version-0-65.sty
Package: pgfcomp-version-0-65 2019/02/02 v3.1.1 (3.1.1)
\pgf@nodesepstart=\dimen148
\pgf@nodesepend=\dimen149
)
(C:\Users\Lyron\AppData\Roaming\MiKTeX\2.9\tex/latex/pgf/compatibility\pgfcomp-
version-1-18.sty
Package: pgfcomp-version-1-18 2019/02/02 v3.1.1 (3.1.1)
))
(C:\Users\Lyron\AppData\Roaming\MiKTeX\2.9\tex/latex/pgf/utilities\pgffor.sty
(C:\Users\Lyron\AppData\Roaming\MiKTeX\2.9\tex/latex/pgf/utilities\pgfkeys.sty
(C:\Users\Lyron\AppData\Roaming\MiKTeX\2.9\tex/generic/pgf/utilities\pgfkeys.co
de.tex))
(C:\Users\Lyron\AppData\Roaming\MiKTeX\2.9\tex/latex/pgf/math\pgfmath.sty
(C:\Users\Lyron\AppData\Roaming\MiKTeX\2.9\tex/generic/pgf/math\pgfmath.code.te
x))
(C:\Users\Lyron\AppData\Roaming\MiKTeX\2.9\tex/generic/pgf/utilities\pgffor.cod
e.tex
Package: pgffor 2019/02/02 v3.1.1 (3.1.1)

(C:\Users\Lyron\AppData\Roaming\MiKTeX\2.9\tex/generic/pgf/math\pgfmath.code.te
x)
\pgffor@iter=\dimen150
\pgffor@skip=\dimen151
\pgffor@stack=\toks26
\pgffor@toks=\toks27
))
(C:\Users\Lyron\AppData\Roaming\MiKTeX\2.9\tex/generic/pgf/frontendlayer/tikz\t
ikz.code.tex
Package: tikz 2019/02/02 v3.1.1 (3.1.1)

(C:\Users\Lyron\AppData\Roaming\MiKTeX\2.9\tex/generic/pgf/libraries\pgflibrary
plothandlers.code.tex
File: pgflibraryplothandlers.code.tex 2019/02/02 v3.1.1 (3.1.1)
\pgf@plot@mark@count=\count103
\pgfplotmarksize=\dimen152
)
\tikz@lastx=\dimen153
\tikz@lasty=\dimen154
\tikz@lastxsaved=\dimen155
\tikz@lastysaved=\dimen156
\tikzleveldistance=\dimen157
\tikzsiblingdistance=\dimen158
\tikz@figbox=\box34
\tikz@figbox@bg=\box35
\tikz@tempbox=\box36
\tikz@tempbox@bg=\box37
\tikztreelevel=\count104
\tikznumberofchildren=\count105
\tikznumberofcurrentchild=\count106
\tikz@fig@count=\count107

(C:\Users\Lyron\AppData\Roaming\MiKTeX\2.9\tex/generic/pgf/modules\pgfmodulemat
rix.code.tex
File: pgfmodulematrix.code.tex 2019/02/02 v3.1.1 (3.1.1)
\pgfmatrixcurrentrow=\count108
\pgfmatrixcurrentcolumn=\count109
\pgf@matrix@numberofcolumns=\count110
)
\tikz@expandcount=\count111

(C:\Users\Lyron\AppData\Roaming\MiKTeX\2.9\tex/generic/pgf/frontendlayer/tikz/l
ibraries\tikzlibrarytopaths.code.tex
File: tikzlibrarytopaths.code.tex 2019/02/02 v3.1.1 (3.1.1)
)))
(C:\Users\Lyron\AppData\Roaming\MiKTeX\2.9\tex/generic/pgf/frontendlayer/tikz/l
ibraries\tikzlibraryarrows.code.tex
File: tikzlibraryarrows.code.tex 2019/02/02 v3.1.1 (3.1.1)

(C:\Users\Lyron\AppData\Roaming\MiKTeX\2.9\tex/generic/pgf/libraries\pgflibrary
arrows.code.tex
File: pgflibraryarrows.code.tex 2019/02/02 v3.1.1 (3.1.1)
\arrowsize=\dimen159
))
(C:\Users\Lyron\AppData\Roaming\MiKTeX\2.9\tex/generic/pgf/frontendlayer/tikz/l
ibraries\tikzlibraryshapes.code.tex
File: tikzlibraryshapes.code.tex 2019/02/02 v3.1.1 (3.1.1)

(C:\Users\Lyron\AppData\Roaming\MiKTeX\2.9\tex/generic/pgf/frontendlayer/tikz/l
ibraries\tikzlibraryshapes.geometric.code.tex
File: tikzlibraryshapes.geometric.code.tex 2019/02/02 v3.1.1 (3.1.1)

(C:\Users\Lyron\AppData\Roaming\MiKTeX\2.9\tex/generic/pgf/libraries/shapes\pgf
libraryshapes.geometric.code.tex
File: pgflibraryshapes.geometric.code.tex 2019/02/02 v3.1.1 (3.1.1)
))
(C:\Users\Lyron\AppData\Roaming\MiKTeX\2.9\tex/generic/pgf/frontendlayer/tikz/l
ibraries\tikzlibraryshapes.misc.code.tex
File: tikzlibraryshapes.misc.code.tex 2019/02/02 v3.1.1 (3.1.1)

(C:\Users\Lyron\AppData\Roaming\MiKTeX\2.9\tex/generic/pgf/libraries/shapes\pgf
libraryshapes.misc.code.tex
File: pgflibraryshapes.misc.code.tex 2019/02/02 v3.1.1 (3.1.1)
))
(C:\Users\Lyron\AppData\Roaming\MiKTeX\2.9\tex/generic/pgf/frontendlayer/tikz/l
ibraries\tikzlibraryshapes.symbols.code.tex
File: tikzlibraryshapes.symbols.code.tex 2019/02/02 v3.1.1 (3.1.1)

(C:\Users\Lyron\AppData\Roaming\MiKTeX\2.9\tex/generic/pgf/libraries/shapes\pgf
libraryshapes.symbols.code.tex
File: pgflibraryshapes.symbols.code.tex 2019/02/02 v3.1.1 (3.1.1)
))
(C:\Users\Lyron\AppData\Roaming\MiKTeX\2.9\tex/generic/pgf/frontendlayer/tikz/l
ibraries\tikzlibraryshapes.arrows.code.tex
File: tikzlibraryshapes.arrows.code.tex 2019/02/02 v3.1.1 (3.1.1)

(C:\Users\Lyron\AppData\Roaming\MiKTeX\2.9\tex/generic/pgf/libraries/shapes\pgf
libraryshapes.arrows.code.tex
File: pgflibraryshapes.arrows.code.tex 2019/02/02 v3.1.1 (3.1.1)
))
(C:\Users\Lyron\AppData\Roaming\MiKTeX\2.9\tex/generic/pgf/frontendlayer/tikz/l
ibraries\tikzlibraryshapes.callouts.code.tex
(C:\Users\Lyron\AppData\Roaming\MiKTeX\2.9\tex/generic/pgf/libraries/shapes\pgf
libraryshapes.callouts.code.tex))
(C:\Users\Lyron\AppData\Roaming\MiKTeX\2.9\tex/generic/pgf/frontendlayer/tikz/l
ibraries\tikzlibraryshapes.multipart.code.tex
File: tikzlibraryshapes.multipart.code.tex 2019/02/02 v3.1.1 (3.1.1)

(C:\Users\Lyron\AppData\Roaming\MiKTeX\2.9\tex/generic/pgf/libraries/shapes\pgf
libraryshapes.multipart.code.tex
File: pgflibraryshapes.multipart.code.tex 2019/02/02 v3.1.1 (3.1.1)
\pgfnodepartlowerbox=\box38
\pgfnodeparttwobox=\box39
\pgfnodepartthreebox=\box40
\pgfnodepartfourbox=\box41
\pgfnodeparttwentybox=\box42
\pgfnodepartnineteenbox=\box43
\pgfnodeparteighteenbox=\box44
\pgfnodepartseventeenbox=\box45
\pgfnodepartsixteenbox=\box46
\pgfnodepartfifteenbox=\box47
\pgfnodepartfourteenbox=\box48
\pgfnodepartthirteenbox=\box49
\pgfnodeparttwelvebox=\box50
\pgfnodepartelevenbox=\box51
\pgfnodeparttenbox=\box52
\pgfnodepartninebox=\box53
\pgfnodeparteightbox=\box54
\pgfnodepartsevenbox=\box55
\pgfnodepartsixbox=\box56
\pgfnodepartfivebox=\box57
)))
("C:\Program Files\MiKTeX 2.9\tex/latex/graphics\rotating.sty"
Package: rotating 2016/08/11 v2.16d rotated objects in LaTeX

("C:\Program Files\MiKTeX 2.9\tex/latex/base\ifthen.sty"
Package: ifthen 2014/09/29 v1.1c Standard LaTeX ifthen package (DPC)
)
\c@r@tfl@t=\count112
\rotFPtop=\skip43
\rotFPbot=\skip44
\rot@float@box=\box58
\rot@mess@toks=\toks28
)
("C:\Program Files\MiKTeX 2.9\tex/latex/base\fontenc.sty"
Package: fontenc 2018/08/11 v2.0j Standard LaTeX package

("C:\Program Files\MiKTeX 2.9\tex/latex/base\t1enc.def"
File: t1enc.def 2018/08/11 v2.0j Standard LaTeX file
LaTeX Font Info:    Redeclaring font encoding T1 on input line 48.
))
("C:\Program Files\MiKTeX 2.9\tex/latex/hyperref\hyperref.sty"
Package: hyperref 2018/11/30 v6.88e Hypertext links for LaTeX

("C:\Program Files\MiKTeX 2.9\tex/generic/oberdiek\hobsub-hyperref.sty"
Package: hobsub-hyperref 2016/05/16 v1.14 Bundle oberdiek, subset hyperref (HO)


("C:\Program Files\MiKTeX 2.9\tex/generic/oberdiek\hobsub-generic.sty"
Package: hobsub-generic 2016/05/16 v1.14 Bundle oberdiek, subset generic (HO)
Package: hobsub 2016/05/16 v1.14 Construct package bundles (HO)
Package: infwarerr 2016/05/16 v1.4 Providing info/warning/error messages (HO)
Package: ltxcmds 2016/05/16 v1.23 LaTeX kernel commands for general use (HO)
Package: ifluatex 2016/05/16 v1.4 Provides the ifluatex switch (HO)
Package ifluatex Info: LuaTeX not detected.
Package hobsub Info: Skipping package `ifvtex' (already loaded).
Package: intcalc 2016/05/16 v1.2 Expandable calculations with integers (HO)
Package hobsub Info: Skipping package `ifpdf' (already loaded).
Package: etexcmds 2016/05/16 v1.6 Avoid name clashes with e-TeX commands (HO)
Package: kvsetkeys 2016/05/16 v1.17 Key value parser (HO)
Package: kvdefinekeys 2016/05/16 v1.4 Define keys (HO)
Package: pdftexcmds 2018/09/10 v0.29 Utility functions of pdfTeX for LuaTeX (HO
)
Package pdftexcmds Info: LuaTeX not detected.
Package pdftexcmds Info: \pdf@primitive is available.
Package pdftexcmds Info: \pdf@ifprimitive is available.
Package pdftexcmds Info: \pdfdraftmode found.
Package: pdfescape 2016/05/16 v1.14 Implements pdfTeX's escape features (HO)
Package: bigintcalc 2016/05/16 v1.4 Expandable calculations on big integers (HO
)
Package: bitset 2016/05/16 v1.2 Handle bit-vector datatype (HO)
Package: uniquecounter 2016/05/16 v1.3 Provide unlimited unique counter (HO)
)
Package hobsub Info: Skipping package `hobsub' (already loaded).
Package: letltxmacro 2016/05/16 v1.5 Let assignment for LaTeX macros (HO)
Package: hopatch 2016/05/16 v1.3 Wrapper for package hooks (HO)
Package: xcolor-patch 2016/05/16 xcolor patch
Package: atveryend 2016/05/16 v1.9 Hooks at the very end of document (HO)
Package atveryend Info: \enddocument detected (standard20110627).
Package: atbegshi 2016/06/09 v1.18 At begin shipout hook (HO)
Package: refcount 2016/05/16 v3.5 Data extraction from label references (HO)
Package: hycolor 2016/05/16 v1.8 Color options for hyperref/bookmark (HO)
)
("C:\Program Files\MiKTeX 2.9\tex/latex/oberdiek\auxhook.sty"
Package: auxhook 2016/05/16 v1.4 Hooks for auxiliary files (HO)
)
("C:\Program Files\MiKTeX 2.9\tex/latex/oberdiek\kvoptions.sty"
Package: kvoptions 2016/05/16 v3.12 Key value format for package options (HO)
)
\@linkdim=\dimen160
\Hy@linkcounter=\count113
\Hy@pagecounter=\count114

("C:\Program Files\MiKTeX 2.9\tex/latex/hyperref\pd1enc.def"
File: pd1enc.def 2018/11/30 v6.88e Hyperref: PDFDocEncoding definition (HO)
Now handling font encoding PD1 ...
... no UTF-8 mapping file for font encoding PD1
)
\Hy@SavedSpaceFactor=\count115

("C:\Program Files\MiKTeX 2.9\tex/latex/00miktex\hyperref.cfg"
File: hyperref.cfg 2002/06/06 v1.2 hyperref configuration of TeXLive
)
Package hyperref Info: Hyper figures OFF on input line 4519.
Package hyperref Info: Link nesting OFF on input line 4524.
Package hyperref Info: Hyper index ON on input line 4527.
Package hyperref Info: Plain pages OFF on input line 4534.
Package hyperref Info: Backreferencing OFF on input line 4539.
Package hyperref Info: Implicit mode ON; LaTeX internals redefined.
Package hyperref Info: Bookmarks ON on input line 4772.
\c@Hy@tempcnt=\count116

(C:\Users\Lyron\AppData\Roaming\MiKTeX\2.9\tex/latex/url\url.sty
\Urlmuskip=\muskip10
Package: url 2013/09/16  ver 3.4  Verb mode for urls, etc.
)
LaTeX Info: Redefining \url on input line 5125.
\XeTeXLinkMargin=\dimen161
\Fld@menulength=\count117
\Field@Width=\dimen162
\Fld@charsize=\dimen163
Package hyperref Info: Hyper figures OFF on input line 6380.
Package hyperref Info: Link nesting OFF on input line 6385.
Package hyperref Info: Hyper index ON on input line 6388.
Package hyperref Info: backreferencing OFF on input line 6395.
Package hyperref Info: Link coloring OFF on input line 6400.
Package hyperref Info: Link coloring with OCG OFF on input line 6405.
Package hyperref Info: PDF/A mode OFF on input line 6410.
LaTeX Info: Redefining \ref on input line 6450.
LaTeX Info: Redefining \pageref on input line 6454.
\Hy@abspage=\count118
\c@Item=\count119
\c@Hfootnote=\count120
)
Package hyperref Info: Driver (autodetected): hpdftex.

("C:\Program Files\MiKTeX 2.9\tex/latex/hyperref\hpdftex.def"
File: hpdftex.def 2018/11/30 v6.88e Hyperref driver for pdfTeX
\Fld@listcount=\count121
\c@bookmark@seq@number=\count122

("C:\Program Files\MiKTeX 2.9\tex/latex/oberdiek\rerunfilecheck.sty"
Package: rerunfilecheck 2016/05/16 v1.8 Rerun checks for auxiliary files (HO)
Package uniquecounter Info: New unique counter `rerunfilecheck' on input line 2
82.
)
\Hy@SectionHShift=\skip45
)
Package hyperref Info: Option `colorlinks' set `true' on input line 27.

(C:\Users\Lyron\AppData\Roaming\MiKTeX\2.9\tex/latex/apacite\apacite.sty
Package: apacite 2013/07/21 v6.03 APA citation
\c@BibCnt=\count123
\bibleftmargin=\skip46
\bibindent=\skip47
\bibparsep=\skip48
\bibitemsep=\skip49
\biblabelsep=\skip50
)
(C:\Users\Lyron\AppData\Roaming\MiKTeX\2.9\tex/latex/glossaries/base\glossaries
.sty
Package: glossaries 2019/01/06 v4.42 (NLCT)
 ("C:\Program Files\MiKTeX 2.9\tex/latex/xkeyval\xkeyval.sty"
Package: xkeyval 2014/12/03 v2.7a package option processing (HA)

("C:\Program Files\MiKTeX 2.9\tex/generic/xkeyval\xkeyval.tex"
("C:\Program Files\MiKTeX 2.9\tex/generic/xkeyval\xkvutils.tex"
\XKV@toks=\toks29
\XKV@tempa@toks=\toks30
)
\XKV@depth=\count124
File: xkeyval.tex 2014/12/03 v2.7a key=value parser (HA)
))
(C:\Users\Lyron\AppData\Roaming\MiKTeX\2.9\tex/latex/mfirstuc\mfirstuc.sty
Package: mfirstuc 2017/11/14 v2.06 (NLCT)

(C:\Users\Lyron\AppData\Roaming\MiKTeX\2.9\tex/latex/etoolbox\etoolbox.sty
Package: etoolbox 2018/08/19 v2.5f e-TeX tools for LaTeX (JAW)
\etb@tempcnta=\count125
)
\@glsmfirst=\toks31
\@glsmrest=\toks32
)
(C:\Users\Lyron\AppData\Roaming\MiKTeX\2.9\tex/latex/textcase\textcase.sty
Package: textcase 2004/10/07 v0.07 Text only upper/lower case changing (DPC)
)
(C:\Users\Lyron\AppData\Roaming\MiKTeX\2.9\tex/latex/xfor\xfor.sty
Package: xfor 2009/02/05 v1.05 (NLCT)
)
(C:\Users\Lyron\AppData\Roaming\MiKTeX\2.9\tex/latex/datatool\datatool-base.sty
Package: datatool-base 2018/12/07 v2.31 (NLCT)
("C:\Program Files\MiKTeX 2.9\tex/latex/amsmath\amsmath.sty"
Package: amsmath 2018/12/01 v2.17b AMS math features
\@mathmargin=\skip51

For additional information on amsmath, use the `?' option.
("C:\Program Files\MiKTeX 2.9\tex/latex/amsmath\amstext.sty"
Package: amstext 2000/06/29 v2.01 AMS text

("C:\Program Files\MiKTeX 2.9\tex/latex/amsmath\amsgen.sty"
File: amsgen.sty 1999/11/30 v2.0 generic functions
\@emptytoks=\toks33
\ex@=\dimen164
))
("C:\Program Files\MiKTeX 2.9\tex/latex/amsmath\amsbsy.sty"
Package: amsbsy 1999/11/29 v1.2d Bold Symbols
\pmbraise@=\dimen165
)
("C:\Program Files\MiKTeX 2.9\tex/latex/amsmath\amsopn.sty"
Package: amsopn 2016/03/08 v2.02 operator names
)
\inf@bad=\count126
LaTeX Info: Redefining \frac on input line 223.
\uproot@=\count127
\leftroot@=\count128
LaTeX Info: Redefining \overline on input line 385.
\classnum@=\count129
\DOTSCASE@=\count130
LaTeX Info: Redefining \ldots on input line 482.
LaTeX Info: Redefining \dots on input line 485.
LaTeX Info: Redefining \cdots on input line 606.
\Mathstrutbox@=\box59
\strutbox@=\box60
\big@size=\dimen166
LaTeX Font Info:    Redeclaring font encoding OML on input line 729.
LaTeX Font Info:    Redeclaring font encoding OMS on input line 730.
\macc@depth=\count131
\c@MaxMatrixCols=\count132
\dotsspace@=\muskip11
\c@parentequation=\count133
\dspbrk@lvl=\count134
\tag@help=\toks34
\row@=\count135
\column@=\count136
\maxfields@=\count137
\andhelp@=\toks35
\eqnshift@=\dimen167
\alignsep@=\dimen168
\tagshift@=\dimen169
\tagwidth@=\dimen170
\totwidth@=\dimen171
\lineht@=\dimen172
\@envbody=\toks36
\multlinegap=\skip52
\multlinetaggap=\skip53
\mathdisplay@stack=\toks37
LaTeX Info: Redefining \[ on input line 2844.
LaTeX Info: Redefining \] on input line 2845.
)
(C:\Users\Lyron\AppData\Roaming\MiKTeX\2.9\tex/latex/substr\substr.sty
Package: substr 2009/10/20 v1.2 Handle substrings
\c@su@anzahl=\count138
)
(C:\Users\Lyron\AppData\Roaming\MiKTeX\2.9\tex/latex/datatool\datatool-fp.sty
Package: datatool-fp 2018/12/07 v2.31 (NLCT)

(C:\Users\Lyron\AppData\Roaming\MiKTeX\2.9\tex/latex/fp\fp.sty
Package: fp 1995/04/02

`Fixed Point Package', Version 0.8, April 2, 1995 (C) Michael Mehlich
(C:\Users\Lyron\AppData\Roaming\MiKTeX\2.9\tex/latex/fp\defpattern.sty
Package: defpattern 1994/10/12
\actioncount=\count139
)
(C:\Users\Lyron\AppData\Roaming\MiKTeX\2.9\tex/latex/fp\fp-basic.sty
Package: fp-basic 1996/05/13
\FP@xs=\count140
\FP@xia=\count141
\FP@xib=\count142
\FP@xfa=\count143
\FP@xfb=\count144
\FP@rega=\count145
\FP@regb=\count146
\FP@regs=\count147
\FP@times=\count148
)
(C:\Users\Lyron\AppData\Roaming\MiKTeX\2.9\tex/latex/fp\fp-addons.sty
Package: fp-addons 1995/03/15
)
(C:\Users\Lyron\AppData\Roaming\MiKTeX\2.9\tex/latex/fp\fp-snap.sty
Package: fp-snap 1995/04/05
)
(C:\Users\Lyron\AppData\Roaming\MiKTeX\2.9\tex/latex/fp\fp-exp.sty
Package: fp-exp 1995/04/03
)
(C:\Users\Lyron\AppData\Roaming\MiKTeX\2.9\tex/latex/fp\fp-trigo.sty
Package: fp-trigo 1995/04/14
)
(C:\Users\Lyron\AppData\Roaming\MiKTeX\2.9\tex/latex/fp\fp-pas.sty
Package: fp-pas 1994/08/29
)
(C:\Users\Lyron\AppData\Roaming\MiKTeX\2.9\tex/latex/fp\fp-random.sty
Package: fp-random 1995/02/23
\FPseed=\count149
)
(C:\Users\Lyron\AppData\Roaming\MiKTeX\2.9\tex/latex/fp\fp-eqn.sty
Package: fp-eqn 1995/04/03
)
(C:\Users\Lyron\AppData\Roaming\MiKTeX\2.9\tex/latex/fp\fp-upn.sty
Package: fp-upn 1996/10/21
)
(C:\Users\Lyron\AppData\Roaming\MiKTeX\2.9\tex/latex/fp\fp-eval.sty
Package: fp-eval 1995/04/03
)))
\@dtl@toks=\toks38
\@dtl@tmpcount=\count150
\dtl@tmplength=\skip54
\dtl@sortresult=\count151
\@dtl@numgrpsepcount=\count152
\@dtl@datatype=\count153
\dtl@codeA=\count154
\dtl@codeB=\count155
\@dtl@foreach@level=\count156
)
(C:\Users\Lyron\AppData\Roaming\MiKTeX\2.9\tex/latex/glossaries/base\glossaries
-compatible-307.sty
Package: glossaries-compatible-307 2019/01/06 v4.42 (NLCT)
)
\gls@level=\count157
\@gls@tmpb=\toks39
\gls@tmplen=\skip55
\glskeylisttok=\toks40
\glslabeltok=\toks41
\glsshorttok=\toks42
\glslongtok=\toks43

(C:\Users\Lyron\AppData\Roaming\MiKTeX\2.9\tex/latex/glossaries/styles\glossary
-hypernav.sty
Package: glossary-hypernav 2019/01/06 v4.42 (NLCT)
)
(C:\Users\Lyron\AppData\Roaming\MiKTeX\2.9\tex/latex/glossaries/styles\glossary
-list.sty
Package: glossary-list 2019/01/06 v4.42 (NLCT)
\glslistdottedwidth=\skip56
)
(C:\Users\Lyron\AppData\Roaming\MiKTeX\2.9\tex/latex/glossaries/styles\glossary
-long.sty
Package: glossary-long 2019/01/06 v4.42 (NLCT)
 ("C:\Program Files\MiKTeX 2.9\tex/latex/tools\longtable.sty"
Package: longtable 2014/10/28 v4.11 Multi-page Table package (DPC)
\LTleft=\skip57
\LTright=\skip58
\LTpre=\skip59
\LTpost=\skip60
\LTchunksize=\count158
\LTcapwidth=\dimen173
\LT@head=\box61
\LT@firsthead=\box62
\LT@foot=\box63
\LT@lastfoot=\box64
\LT@cols=\count159
\LT@rows=\count160
\c@LT@tables=\count161
\c@LT@chunks=\count162
\LT@p@ftn=\toks44
)
\glsdescwidth=\skip61
\glspagelistwidth=\skip62
)
(C:\Users\Lyron\AppData\Roaming\MiKTeX\2.9\tex/latex/glossaries/styles\glossary
-super.sty
Package: glossary-super 2019/01/06 v4.42 (NLCT)

(C:\Users\Lyron\AppData\Roaming\MiKTeX\2.9\tex/latex/supertabular\supertabular.
sty
Package: supertabular 2004/02/20 v4.1e the supertabular environment
\c@tracingst=\count163
\ST@wd=\dimen174
\ST@rightskip=\skip63
\ST@leftskip=\skip64
\ST@parfillskip=\skip65
\ST@pageleft=\dimen175
\ST@headht=\dimen176
\ST@tailht=\dimen177
\ST@pagesofar=\dimen178
\ST@pboxht=\dimen179
\ST@lineht=\dimen180
\ST@stretchht=\dimen181
\ST@prevht=\dimen182
\ST@toadd=\dimen183
\ST@dimen=\dimen184
\ST@pbox=\box65
))
(C:\Users\Lyron\AppData\Roaming\MiKTeX\2.9\tex/latex/glossaries/styles\glossary
-tree.sty
Package: glossary-tree 2019/01/06 v4.42 (NLCT)
\glstreeindent=\skip66
))
\glswrite=\write4
\glo@main@file=\write5
\openout5 = `dissertation.glo'.

Package glossaries Info: Writing glossary file dissertation.glo on input line 3
4.

(C:\Users\Lyron\AppData\Roaming\MiKTeX\2.9\tex/latex/datetime\datetime.sty
Package: datetime 2015/03/20 v2.60 Date Time Package

(C:\Users\Lyron\AppData\Roaming\MiKTeX\2.9\tex/latex/fmtcount\fmtcount.sty
Package: fmtcount 2017/12/24 v3.05

(C:\Users\Lyron\AppData\Roaming\MiKTeX\2.9\tex/latex/fmtcount\fcprefix.sty
Package: fcprefix 2012/09/28

(C:\Users\Lyron\AppData\Roaming\MiKTeX\2.9\tex/latex/fmtcount\fcnumparser.sty
Package: fcnumparser 2017/06/15
\fc@digit@counter=\count164
))
\c@padzeroesN=\count165
\fc@tmpcatcode=\count166
\@DT@modctr=\count167
\@ordinalctr=\count168
\@orgargctr=\count169
\@strctr=\count170
\@tmpstrctr=\count171
\@DT@loopN=\count172
\@DT@X=\count173
)
(C:\Users\Lyron\AppData\Roaming\MiKTeX\2.9\tex/latex/datetime\datetime-defaults
.sty
Package: datetime-defaults 2013/09/10
)
\@day=\count174
\@month=\count175
\@year=\count176
\c@HOUR=\count177
\c@HOURXII=\count178
\c@MINUTE=\count179
\c@TOHOUR=\count180
\c@TOMINUTE=\count181
\c@SECOND=\count182
\currenthour=\count183
\currentminute=\count184
\currentsecond=\count185
Package datetime Info: No datetime.cfg file found, using default settings on in
put line 308.
\@dtctr=\count186
\dayofyear=\count187
\dayofweek=\count188
LaTeX Info: Redefining \today on input line 736.
\dt@a=\toks45
\dt@b=\toks46
) (C:\Users\Lyron\AppData\Roaming\MiKTeX\2.9\tex/latex/lipsum\lipsum.sty
(C:\Users\Lyron\AppData\Roaming\MiKTeX\2.9\tex/latex/l3kernel\expl3.sty
Package: expl3 2019-01-28 L3 programming layer (loader) 

(C:\Users\Lyron\AppData\Roaming\MiKTeX\2.9\tex/latex/l3kernel\expl3-code.tex
Package: expl3 2019-01-28 L3 programming layer (code)
\c_max_int=\count189
\l_tmpa_int=\count190
\l_tmpb_int=\count191
\g_tmpa_int=\count192
\g_tmpb_int=\count193
\g__kernel_prg_map_int=\count194
\c_log_iow=\count195
\l_iow_line_count_int=\count196
\l__iow_line_target_int=\count197
\l__iow_one_indent_int=\count198
\l__iow_indent_int=\count199
\c_zero_dim=\dimen185
\c_max_dim=\dimen186
\l_tmpa_dim=\dimen187
\l_tmpb_dim=\dimen188
\g_tmpa_dim=\dimen189
\g_tmpb_dim=\dimen190
\c_zero_skip=\skip67
\c_max_skip=\skip68
\l_tmpa_skip=\skip69
\l_tmpb_skip=\skip70
\g_tmpa_skip=\skip71
\g_tmpb_skip=\skip72
\c_zero_muskip=\muskip12
\c_max_muskip=\muskip13
\l_tmpa_muskip=\muskip14
\l_tmpb_muskip=\muskip15
\g_tmpa_muskip=\muskip16
\g_tmpb_muskip=\muskip17
\l_keys_choice_int=\count266
\l__intarray_loop_int=\count267
\c__intarray_sp_dim=\dimen191
\g__intarray_font_int=\count268
\c__fp_leading_shift_int=\count269
\c__fp_middle_shift_int=\count270
\c__fp_trailing_shift_int=\count271
\c__fp_big_leading_shift_int=\count272
\c__fp_big_middle_shift_int=\count273
\c__fp_big_trailing_shift_int=\count274
\c__fp_Bigg_leading_shift_int=\count275
\c__fp_Bigg_middle_shift_int=\count276
\c__fp_Bigg_trailing_shift_int=\count277
\c__kernel_randint_max_int=\count278
\g__fp_array_int=\count279
\l__fp_array_loop_int=\count280
\l__sort_length_int=\count281
\l__sort_min_int=\count282
\l__sort_top_int=\count283
\l__sort_max_int=\count284
\l__sort_true_max_int=\count285
\l__sort_block_int=\count286
\l__sort_begin_int=\count287
\l__sort_end_int=\count288
\l__sort_A_int=\count289
\l__sort_B_int=\count290
\l__sort_C_int=\count291
\l__tl_analysis_normal_int=\count292
\l__tl_analysis_index_int=\count293
\l__tl_analysis_nesting_int=\count294
\l__tl_analysis_type_int=\count295
\l__regex_internal_a_int=\count296
\l__regex_internal_b_int=\count297
\l__regex_internal_c_int=\count298
\l__regex_balance_int=\count299
\l__regex_group_level_int=\count300
\l__regex_mode_int=\count301
\c__regex_cs_in_class_mode_int=\count302
\c__regex_cs_mode_int=\count303
\l__regex_catcodes_int=\count304
\l__regex_default_catcodes_int=\count305
\c__regex_catcode_D_int=\count306
\c__regex_catcode_S_int=\count307
\c__regex_catcode_L_int=\count308
\c__regex_catcode_O_int=\count309
\c__regex_catcode_A_int=\count310
\c__regex_all_catcodes_int=\count311
\l__regex_show_lines_int=\count312
\l__regex_min_state_int=\count313
\l__regex_max_state_int=\count314
\l__regex_left_state_int=\count315
\l__regex_right_state_int=\count316
\l__regex_capturing_group_int=\count317
\l__regex_min_pos_int=\count318
\l__regex_max_pos_int=\count319
\l__regex_curr_pos_int=\count320
\l__regex_start_pos_int=\count321
\l__regex_success_pos_int=\count322
\l__regex_curr_char_int=\count323
\l__regex_curr_catcode_int=\count324
\l__regex_last_char_int=\count325
\l__regex_case_changed_char_int=\count326
\l__regex_curr_state_int=\count327
\l__regex_step_int=\count328
\l__regex_min_active_int=\count329
\l__regex_max_active_int=\count330
\l__regex_replacement_csnames_int=\count331
\l__regex_match_count_int=\count332
\l__regex_min_submatch_int=\count333
\l__regex_submatch_int=\count334
\l__regex_zeroth_submatch_int=\count335
\g__regex_trace_regex_int=\count336
\c_empty_box=\box66
\l_tmpa_box=\box67
\l_tmpb_box=\box68
\g_tmpa_box=\box69
\g_tmpb_box=\box70
\l__box_top_dim=\dimen192
\l__box_bottom_dim=\dimen193
\l__box_left_dim=\dimen194
\l__box_right_dim=\dimen195
\l__box_top_new_dim=\dimen196
\l__box_bottom_new_dim=\dimen197
\l__box_left_new_dim=\dimen198
\l__box_right_new_dim=\dimen199
\l__box_internal_box=\box71
\l__coffin_internal_box=\box72
\l__coffin_internal_dim=\dimen256
\l__coffin_offset_x_dim=\dimen257
\l__coffin_offset_y_dim=\dimen258
\l__coffin_x_dim=\dimen259
\l__coffin_y_dim=\dimen260
\l__coffin_x_prime_dim=\dimen261
\l__coffin_y_prime_dim=\dimen262
\c_empty_coffin=\box73
\l__coffin_aligned_coffin=\box74
\l__coffin_aligned_internal_coffin=\box75
\l_tmpa_coffin=\box76
\l_tmpb_coffin=\box77
\g_tmpa_coffin=\box78
\g_tmpb_coffin=\box79
\c__coffin_empty_coffin=\box80
\l__coffin_display_coffin=\box81
\l__coffin_display_coord_coffin=\box82
\l__coffin_display_pole_coffin=\box83
\l__coffin_display_offset_dim=\dimen263
\l__coffin_display_x_dim=\dimen264
\l__coffin_display_y_dim=\dimen265
\g__file_internal_ior=\read2
\l__coffin_bounding_shift_dim=\dimen266
\l__coffin_left_corner_dim=\dimen267
\l__coffin_right_corner_dim=\dimen268
\l__coffin_bottom_corner_dim=\dimen269
\l__coffin_top_corner_dim=\dimen270
\l__coffin_scaled_total_height_dim=\dimen271
\l__coffin_scaled_width_dim=\dimen272
\l__seq_internal_a_int=\count337
\l__seq_internal_b_int=\count338
)
(C:\Users\Lyron\AppData\Roaming\MiKTeX\2.9\tex/latex/l3kernel\l3pdfmode.def
File: l3pdfmode.def 2019-01-28 v L3 Experimental driver: PDF mode
\l__driver_color_stack_int=\count339
))
(C:\Users\Lyron\AppData\Roaming\MiKTeX\2.9\tex/latex/l3packages/xparse\xparse.s
ty
Package: xparse 2018-10-17 L3 Experimental document command parser
\l__xparse_current_arg_int=\count340
\g__xparse_grabber_int=\count341
\l__xparse_m_args_int=\count342
\l__xparse_mandatory_args_int=\count343
\l__xparse_v_nesting_int=\count344
)
Package: lipsum 2019/01/02 v2.2 150 paragraphs of Lorem Ipsum dummy text
 (C:\Users\Lyron\AppData\Roaming\MiKTeX\2.9\tex/latex/lipsum\lipsum.ltd.tex
File: lipsum.ltd.tex 2019/01/02 v2.2 The Lorem ipsum dummy text
)) (dissertation.aux)
\openout1 = `dissertation.aux'.

LaTeX Font Info:    Checking defaults for OML/cmm/m/it on input line 88.
LaTeX Font Info:    ... okay on input line 88.
LaTeX Font Info:    Checking defaults for T1/cmr/m/n on input line 88.
LaTeX Font Info:    ... okay on input line 88.
LaTeX Font Info:    Checking defaults for OT1/cmr/m/n on input line 88.
LaTeX Font Info:    ... okay on input line 88.
LaTeX Font Info:    Checking defaults for OMS/cmsy/m/n on input line 88.
LaTeX Font Info:    ... okay on input line 88.
LaTeX Font Info:    Checking defaults for OMX/cmex/m/n on input line 88.
LaTeX Font Info:    ... okay on input line 88.
LaTeX Font Info:    Checking defaults for U/cmr/m/n on input line 88.
LaTeX Font Info:    ... okay on input line 88.
LaTeX Font Info:    Checking defaults for PD1/pdf/m/n on input line 88.
LaTeX Font Info:    ... okay on input line 88.
LaTeX Font Info:    Try loading font information for T1+cmss on input line 88.
 ("C:\Program Files\MiKTeX 2.9\tex/latex/base\t1cmss.fd"
File: t1cmss.fd 2014/09/29 v2.5h Standard LaTeX font definitions
)
*geometry* driver: auto-detecting
*geometry* detected driver: pdftex
*geometry* verbose mode - [ preamble ] result:
* driver: pdftex
* paper: a4paper
* layout: <same size as paper>
* layoutoffset:(h,v)=(0.0pt,0.0pt)
* modes: twoside 
* h-part:(L,W,R)=(119.50148pt, 426.79135pt, 51.21504pt)
* v-part:(T,H,B)=(51.21504pt, 742.61676pt, 51.21504pt)
* \paperwidth=597.50787pt
* \paperheight=845.04684pt
* \textwidth=426.79135pt
* \textheight=742.61676pt
* \oddsidemargin=47.23149pt
* \evensidemargin=-21.05495pt
* \topmargin=-58.05495pt
* \headheight=12.0pt
* \headsep=25.0pt
* \topskip=12.0pt
* \footskip=30.0pt
* \marginparwidth=85.0pt
* \marginparsep=10.0pt
* \columnsep=10.0pt
* \skip\footins=10.8pt plus 4.0pt minus 2.0pt
* \hoffset=0.0pt
* \voffset=0.0pt
* \mag=1000
* \@twocolumnfalse
* \@twosidetrue
* \@mparswitchtrue
* \@reversemarginfalse
* (1in=72.27pt=25.4mm, 1cm=28.453pt)

ABD: EveryShipout initializing macros
(C:\Users\Lyron\AppData\Roaming\MiKTeX\2.9\tex/context/base\supp-pdf.mkii
[Loading MPS to PDF converter (version 2006.09.02).]
\scratchcounter=\count345
\scratchdimen=\dimen273
\scratchbox=\box84
\nofMPsegments=\count346
\nofMParguments=\count347
\everyMPshowfont=\toks47
\MPscratchCnt=\count348
\MPscratchDim=\dimen274
\MPnumerator=\count349
\makeMPintoPDFobject=\count350
\everyMPtoPDFconversion=\toks48
) ("C:\Program Files\MiKTeX 2.9\tex/latex/oberdiek\epstopdf-base.sty"
Package: epstopdf-base 2016/05/15 v2.6 Base part for package epstopdf

("C:\Program Files\MiKTeX 2.9\tex/latex/oberdiek\grfext.sty"
Package: grfext 2016/05/16 v1.2 Manage graphics extensions (HO)
)
Package epstopdf-base Info: Redefining graphics rule for `.eps' on input line 4
38.
Package grfext Info: Graphics extension search list:
(grfext)             [.pdf,.png,.jpg,.mps,.jpeg,.jbig2,.jb2,.PDF,.PNG,.JPG,.JPE
G,.JBIG2,.JB2,.eps]
(grfext)             \AppendGraphicsExtensions on input line 456.
)
\AtBeginShipoutBox=\box85
Package hyperref Info: Link coloring ON on input line 88.

("C:\Program Files\MiKTeX 2.9\tex/latex/hyperref\nameref.sty"
Package: nameref 2016/05/21 v2.44 Cross-referencing by name of section

("C:\Program Files\MiKTeX 2.9\tex/generic/oberdiek\gettitlestring.sty"
Package: gettitlestring 2016/05/16 v1.5 Cleanup title references (HO)
)
\c@section@level=\count351
)
LaTeX Info: Redefining \ref on input line 88.
LaTeX Info: Redefining \pageref on input line 88.
LaTeX Info: Redefining \nameref on input line 88.

(dissertation.out) (dissertation.out)
\@outlinefile=\write6
\openout6 = `dissertation.out'.

\c@maskedRefs=\count352

(C:\Users\Lyron\AppData\Roaming\MiKTeX\2.9\tex/latex/apacite\english.apc
File: english.apc 2013/07/21 v6.03 apacite language file
LaTeX Info: Redefining \BPBI on input line 129.
LaTeX Info: Redefining \BHBI on input line 130.
)
(C:\Users\Lyron\AppData\Roaming\MiKTeX\2.9\tex/latex/fmtcount\fc-english.def
File: fc-english.def 2016/01/12
)
<./files/UoA_logo_col_vert.png, id=42, 124.0635pt x 92.0238pt>
File: ./files/UoA_logo_col_vert.png Graphic file (type png)
<use ./files/UoA_logo_col_vert.png>
Package pdftex.def Info: ./files/UoA_logo_col_vert.png  used on input line 127.

(pdftex.def)             Requested size: 93.04738pt x 69.01767pt.

[1

\openout4 = `dissertation.ist'.

{C:/Users/Lyron/AppData/Local/MiKTeX/2.9/pdftex/config/pdftex.map} <./files/UoA
_logo_col_vert.png>] [2] [3] [4

] (dissertation.toc)
\tf@toc=\write7
\openout7 = `dissertation.toc'.

 [5

]
No file dissertation.gls.
[6] [7


] [8

] [9

] [10

] [11

] [12

]
Chapter 1.
pdfTeX warning (ext4): destination with the same identifier (name{page.1}) has 
been already used, duplicate ignored
<to be read again> 
                   \relax 
l.249 
       [1

] [2]
Chapter 2.

LaTeX Warning: Citation `PISA2013' undefined on input line 260.


LaTeX Warning: Citation `Lyons2012pain' undefined on input line 260.


LaTeX Warning: Citation `Foley2017' undefined on input line 262.


LaTeX Warning: Citation `Ashcraft2007book' undefined on input line 262.


LaTeX Warning: Citation `LeFevre1992' undefined on input line 262.


LaTeX Warning: Citation `Young2012' undefined on input line 268.


LaTeX Warning: Citation `Ramirez2018' undefined on input line 268.

[3


]

LaTeX Warning: Citation `Ashcraft2001' undefined on input line 284.


LaTeX Warning: Citation `Ashcraft2007' undefined on input line 284.


LaTeX Warning: Citation `Hembree1990' undefined on input line 284.


LaTeX Warning: Citation `Ma2004' undefined on input line 284.


LaTeX Warning: Citation `Supekar2015' undefined on input line 290.


LaTeX Warning: Citation `Faust1996' undefined on input line 290.


LaTeX Warning: Citation `Jansen2013' undefined on input line 290.


LaTeX Warning: Citation `Park2014' undefined on input line 292.


LaTeX Warning: Citation `McNally2007' undefined on input line 292.


LaTeX Warning: Citation `Becker2007' undefined on input line 292.


LaTeX Warning: Citation `Foa2005' undefined on input line 292.


LaTeX Warning: Citation `Jamieson2016' undefined on input line 292.

[4]

LaTeX Warning: Citation `Wang2015' undefined on input line 294.


LaTeX Warning: Citation `Lin-Siegler2016' undefined on input line 294.


LaTeX Warning: Citation `Hiebert2007' undefined on input line 294.


LaTeX Warning: Citation `Pellicioni2016' undefined on input line 296.


LaTeX Warning: Citation `Chang2016' undefined on input line 296.

LaTeX Font Info:    Try loading font information for OMS+cmss on input line 304
.
LaTeX Font Info:    No file OMScmss.fd. on input line 304.

LaTeX Font Warning: Font shape `OMS/cmss/m/n' undefined
(Font)              using `OMS/cmsy/m/n' instead
(Font)              for symbol `textbullet' on input line 304.

[5]

LaTeX Warning: Citation `Lyons2012' undefined on input line 314.


LaTeX Warning: Citation `Bai2009' undefined on input line 314.


LaTeX Warning: Citation `Bai2011' undefined on input line 314.


LaTeX Warning: Citation `Harter1982' undefined on input line 314.


LaTeX Warning: Citation `Dreger1957' undefined on input line 326.


LaTeX Warning: Citation `Kazelskis2000' undefined on input line 326.

[6]
Chapter 3.
[7


] [8] [9] [10

]
Chapter 4.
[11

] [12]
Underfull \vbox (badness 10000) has occurred while \output is active []

 [13]
No file dissertation.gls.
No file dissertation.bbl.
[14]
Package atveryend Info: Empty hook `BeforeClearDocument' on input line 351.
Package atveryend Info: Empty hook `AfterLastShipout' on input line 351.
 (dissertation.aux)
Package atveryend Info: Executing hook `AtVeryEndDocument' on input line 351.
Package atveryend Info: Executing hook `AtEndAfterFileList' on input line 351.
Package rerunfilecheck Info: File `dissertation.out' has not changed.
(rerunfilecheck)             Checksum: 1E6CE8BB1496779ABEBC6E12C2C6A119;671.


LaTeX Font Warning: Some font shapes were not available, defaults substituted.


LaTeX Warning: There were undefined references.

Package atveryend Info: Empty hook `AtVeryVeryEnd' on input line 351.
 ) 
Here is how much of TeX's memory you used:
 33730 strings out of 492946
 650457 string characters out of 3135528
 1039490 words of memory out of 3000000
 37058 multiletter control sequences out of 15000+200000
 543493 words of font info for 46 fonts, out of 3000000 for 9000
 1141 hyphenation exceptions out of 8191
 55i,10n,67p,1995b,997s stack positions out of 5000i,500n,10000p,200000b,50000s
pdfTeX warning (dest): name{cite.Kazelskis2000} has been referenced but does 
not exist, replaced by a fixed one

pdfTeX warning (dest): name{cite.Dreger1957} has been referenced but does not e
xist, replaced by a fixed one

pdfTeX warning (dest): name{cite.Harter1982} has been referenced but does not e
xist, replaced by a fixed one

pdfTeX warning (dest): name{cite.Bai2011} has been referenced but does not exis
t, replaced by a fixed one

pdfTeX warning (dest): name{cite.Bai2009} has been referenced but does not exis
t, replaced by a fixed one

pdfTeX warning (dest): name{glo:mas-r} has been referenced but does not exist, 
replaced by a fixed one

pdfTeX warning (dest): name{cite.Lyons2012} has been referenced but does not ex
ist, replaced by a fixed one

pdfTeX warning (dest): name{cite.Chang2016} has been referenced but does not ex
ist, replaced by a fixed one

pdfTeX warning (dest): name{cite.Pellicioni2016} has been referenced but does n
ot exist, replaced by a fixed one

pdfTeX warning (dest): name{cite.Hiebert2007} has been referenced but does not 
exist, replaced by a fixed one

pdfTeX warning (dest): name{cite.Lin-Siegler2016} has been referenced but does 
not exist, replaced by a fixed one

pdfTeX warning (dest): name{cite.Wang2015} has been referenced but does not exi
st, replaced by a fixed one

pdfTeX warning (dest): name{cite.Jamieson2016} has been referenced but does not
 exist, replaced by a fixed one

pdfTeX warning (dest): name{cite.Foa2005} has been referenced but does not exis
t, replaced by a fixed one

pdfTeX warning (dest): name{cite.Becker2007} has been referenced but does not e
xist, replaced by a fixed one

pdfTeX warning (dest): name{cite.McNally2007} has been referenced but does not 
exist, replaced by a fixed one

pdfTeX warning (dest): name{cite.Park2014} has been referenced but does not exi
st, replaced by a fixed one

pdfTeX warning (dest): name{cite.Jansen2013} has been referenced but does not e
xist, replaced by a fixed one

pdfTeX warning (dest): name{cite.Faust1996} has been referenced but does not ex
ist, replaced by a fixed one

pdfTeX warning (dest): name{cite.Supekar2015} has been referenced but does not 
exist, replaced by a fixed one

pdfTeX warning (dest): name{cite.Ma2004} has been referenced but does not exist
, replaced by a fixed one

pdfTeX warning (dest): name{cite.Hembree1990} has been referenced but does not 
exist, replaced by a fixed one

pdfTeX warning (dest): name{cite.Ashcraft2007} has been referenced but does not
 exist, replaced by a fixed one

pdfTeX warning (dest): name{cite.Ashcraft2001} has been referenced but does not
 exist, replaced by a fixed one

pdfTeX warning (dest): name{cite.Ramirez2018} has been referenced but does not 
exist, replaced by a fixed one

pdfTeX warning (dest): name{cite.Young2012} has been referenced but does not ex
ist, replaced by a fixed one

pdfTeX warning (dest): name{glo:fmri} has been referenced but does not exist, r
eplaced by a fixed one

pdfTeX warning (dest): name{glo:naplan} has been referenced but does not exist,
 replaced by a fixed one

pdfTeX warning (dest): name{cite.LeFevre1992} has been referenced but does not 
exist, replaced by a fixed one

pdfTeX warning (dest): name{cite.Ashcraft2007book} has been referenced but does
 not exist, replaced by a fixed one

pdfTeX warning (dest): name{glo:stem} has been referenced but does not exist, r
eplaced by a fixed one

pdfTeX warning (dest): name{cite.Foley2017} has been referenced but does not ex
ist, replaced by a fixed one

pdfTeX warning (dest): name{cite.Lyons2012pain} has been referenced but does no
t exist, replaced by a fixed one

pdfTeX warning (dest): name{cite.PISA2013} has been referenced but does not exi
st, replaced by a fixed one

pdfTeX warning (dest): name{glo:oecd} has been referenced but does not exist, r
eplaced by a fixed one

pdfTeX warning (dest): name{glo:pisa} has been referenced but does not exist, r
eplaced by a fixed one

 <C:\Users\Lyron\AppData\Local\MiKTeX\2.9\fonts/pk/ljfour/jknappen/ec/dpi600\ec
sx1440.pk> <C:\Users\Lyron\AppData\Local\MiKTeX\2.9\fonts/pk/ljfour/jknappen/ec
/dpi600\ecsx1728.pk> <C:\Users\Lyron\AppData\Local\MiKTeX\2.9\fonts/pk/ljfour/j
knappen/ec/dpi600\ecsi1200.pk> <C:\Users\Lyron\AppData\Local\MiKTeX\2.9\fonts/p
k/ljfour/jknappen/ec/dpi600\ecsx1200.pk> <C:\Users\Lyron\AppData\Local\MiKTeX\2
.9\fonts/pk/ljfour/jknappen/ec/dpi600\ecss1200.pk> <C:\Users\Lyron\AppData\Loca
l\MiKTeX\2.9\fonts/pk/ljfour/jknappen/ec/dpi600\ecss1440.pk> <C:\Users\Lyron\Ap
pData\Local\MiKTeX\2.9\fonts/pk/ljfour/jknappen/ec/dpi600\ecsx2488.pk><C:/Progr
am Files/MiKTeX 2.9/fonts/type1/public/amsfonts/cm/cmmi12.pfb><C:/Program Files
/MiKTeX 2.9/fonts/type1/public/amsfonts/cm/cmr12.pfb><C:/Program Files/MiKTeX 2
.9/fonts/type1/public/amsfonts/cm/cmsy10.pfb>
Output written on dissertation.pdf (26 pages, 243068 bytes).
PDF statistics:
 654 PDF objects out of 1000 (max. 8388607)
 78 named destinations out of 1000 (max. 500000)
 90 words of extra memory for PDF output out of 10000 (max. 10000000)

